<?xml version="1.0" encoding="UTF-8"?>
<testng-results skipped="0" failed="0" ignored="0" total="1" passed="1">
  <reporter-output>
  </reporter-output>
  <suite name="Command line suite" duration-ms="76" started-at="2019-06-15T06:28:30Z" finished-at="2019-06-15T06:28:30Z">
    <groups>
    </groups>
    <test name="Command line test" duration-ms="76" started-at="2019-06-15T06:28:30Z" finished-at="2019-06-15T06:28:30Z">
      <class name="com.example.ASDMQ1.Asdmq1ApplicationTests">
        <test-method status="PASS" signature="contextLoads()[pri:0, instance:com.example.ASDMQ1.Asdmq1ApplicationTests@3f2a3a5]" name="contextLoads" duration-ms="13" started-at="2019-06-15T06:28:30Z" finished-at="2019-06-15T06:28:30Z">
          <reporter-output>
          </reporter-output>
        </test-method> <!-- contextLoads -->
      </class> <!-- com.example.ASDMQ1.Asdmq1ApplicationTests -->
    </test> <!-- Command line test -->
  </suite> <!-- Command line suite -->
</testng-results>
